<?xml version="1.0" encoding="UTF-8"?>
<!-- Generated by org.testng.reporters.JUnitReportReporter -->
<testsuite hostname="LAPTOP-2C6VLDBH" failures="0" tests="1" name="qa.testScripts.TestMakeMyTrip" time="81.572" errors="0" timestamp="2023-09-21T14:17:11 IST" skipped="0">
  <testcase classname="qa.testScripts.TestMakeMyTrip" name="testAssignment" time="81.572"/>
  <system-out/>
</testsuite> <!-- qa.testScripts.TestMakeMyTrip -->
